{
  "RSpec": {
    "coverage": {
      "/Users/apprentice/YesAnd/yesand/app/controllers/comments_controller.rb": [
        1,
        null,
        1,
        4,
        4,
        4,
        4,
        4,
        null,
        0,
        0,
        null,
        null,
        null,
        1,
        null,
        1,
        16,
        8,
        8,
        8,
        null,
        null,
        null,
        1,
        4,
        null,
        null,
        null
      ],
      "/Users/apprentice/YesAnd/yesand/app/controllers/application_controller.rb": [
        1,
        null,
        null,
        1,
        null,
        1,
        0,
        null,
        null,
        1,
        0,
        null,
        null,
        1,
        0,
        null,
        null
      ],
      "/Users/apprentice/YesAnd/yesand/app/models/idea.rb": [
        1,
        1,
        1,
        1,
        null,
        1,
        1,
        null,
        1,
        1,
        null,
        1,
        null,
        null
      ],
      "/Users/apprentice/YesAnd/yesand/app/models/user.rb": [
        1,
        1,
        1,
        1,
        null,
        1,
        null,
        1,
        1,
        null,
        1,
        0,
        null,
        null,
        1,
        4,
        4,
        null,
        null
      ],
      "/Users/apprentice/YesAnd/yesand/app/models/comment.rb": [
        1,
        1,
        1,
        1,
        1,
        null,
        1,
        null
      ]
    },
    "timestamp": 1426795794
  }
}
